Arguments: 
  C:\Program Files\nodejs\node.exe C:\Users\USER\AppData\Roaming\npm\node_modules\yarn\bin\yarn.js

PATH: 
  C:\Program Files\Common Files\Oracle\Java\javapath;D:\oraXE\app\oracle\product\11.2.0\server\bin;C:\Program Files\Intel\iCLS Client\;C:\Windows\system32;C:\Windows;C:\Windows\System32\Wbem;C:\Windows\System32\WindowsPowerShell\v1.0\;C:\Program Files\Intel\Intel(R) Management Engine Components\DAL;C:\Program Files\Intel\Intel(R) Management Engine Components\IPT;C:\Program Files\Intel\OpenCL SDK\2.0\bin\x86;C:\Program Files\Common Files\Acronis\SnapAPI\;C:\Program Files\Kaspersky Lab\Kaspersky Endpoint Security 10 for Windows\;C:\Program Files\Microsoft SQL Server\110\Tools\Binn\;C:\Program Files\Avest\AvPCM_MNS;C:\Program Files\nodejs\;C:\Program Files\Windows Kits\8.1\Windows Performance Toolkit\;C:\Program Files\Git\cmd;C:\Program Files\Git\mingw32\bin;C:\Program Files\Git\usr\bin;C:\Users\USER\AppData\Local\atom\bin;C:\Users\USER\AppData\Roaming\npm;C:\Users\USER\AppData\Local\Programs\Microsoft VS Code\bin;C:\Program Files\Common Files\Acronis\TibMounter

Yarn version: 
  1.19.1

Node version: 
  12.9.1

Platform: 
  win32 ia32

Trace: 
  Error: https://registry.yarnpkg.com/core-js/-/core-js-2.6.11.tgz: ESOCKETTIMEDOUT
      at ClientRequest.<anonymous> (C:\Users\USER\AppData\Roaming\npm\node_modules\yarn\lib\cli.js:141191:19)
      at Object.onceWrapper (events.js:297:20)
      at ClientRequest.emit (events.js:209:13)
      at TLSSocket.emitRequestTimeout (_http_client.js:687:40)
      at Object.onceWrapper (events.js:297:20)
      at TLSSocket.emit (events.js:209:13)
      at TLSSocket.Socket._onTimeout (net.js:434:8)
      at listOnTimeout (internal/timers.js:531:17)
      at processTimers (internal/timers.js:475:7)

npm manifest: 
  {
    "name": "window",
    "version": "1.0.0",
    "description": "",
    "main": "index.js",
    "scripts": {
      "test": "echo \"Error: no test specified\" && exit 1"
    },
    "author": "",
    "license": "ISC",
    "browserslist": [
      "> 1%",
      "not dead"
    ],
    "devDependencies": {
      "@babel/core": "^7.7.4",
      "@babel/preset-env": "^7.7.4",
      "babel": "^6.23.0",
      "babel-core": "^6.26.3",
      "babel-loader": "^8.0.6",
      "browser-sync": "^2.26.7",
      "core-js": "^3.4.2",
      "gulp": "^4.0.2",
      "webpack": "^4.41.2",
      "webpack-stream": "^5.2.1"
    }
  }

yarn manifest: 
  No manifest

Lockfile: 
  No lockfile
